This file contains any messages produced by compilers while
running configure, to aid debugging if configure makes a mistake.

It was created by libtextcat configure 2.2, which was
generated by GNU Autoconf 2.68.  Invocation command line was

  $ ./configure --no-create --no-recursion

## --------- ##
## Platform. ##
## --------- ##

hostname = netbook
uname -m = x86_64
uname -r = 2.6.39-2-amd64
uname -s = Linux
uname -v = #1 SMP Wed Jun 8 11:01:04 UTC 2011

/usr/bin/uname -p = unknown
/bin/uname -X     = unknown

/bin/arch              = unknown
/usr/bin/arch -k       = unknown
/usr/convex/getsysinfo = unknown
/usr/bin/hostinfo      = unknown
/bin/machine           = unknown
/usr/bin/oslevel       = unknown
/bin/universe          = unknown

PATH: /usr/local/bin
PATH: /usr/bin
PATH: /bin
PATH: /usr/games
PATH: /home/bernard/local/bin/
PATH: /home/bernard/.lein/bin


## ----------- ##
## Core tests. ##
## ----------- ##

configure:2384: checking build system type
configure:2398: result: x86_64-unknown-linux-gnu
configure:2418: checking host system type
configure:2431: result: x86_64-unknown-linux-gnu
configure:2451: checking target system type
configure:2464: result: x86_64-unknown-linux-gnu
configure:2505: checking for a BSD-compatible install
configure:2573: result: /usr/bin/install -c
configure:2584: checking whether build environment is sane
configure:2621: result: yes
configure:2643: WARNING: `missing' script is too old or missing
configure:2651: checking for gawk
configure:2667: found /usr/bin/gawk
configure:2678: result: gawk
configure:2689: checking whether make sets $(MAKE)
configure:2711: result: yes
configure:2936: checking for gcc
configure:2952: found /usr/bin/gcc
configure:2963: result: gcc
configure:3192: checking for C compiler version
configure:3201: gcc --version >&5
gcc (Debian 4.6.1-1) 4.6.1
Copyright (C) 2011 Free Software Foundation, Inc.
This is free software; see the source for copying conditions.  There is NO
warranty; not even for MERCHANTABILITY or FITNESS FOR A PARTICULAR PURPOSE.

configure:3212: $? = 0
configure:3201: gcc -v >&5
Using built-in specs.
COLLECT_GCC=gcc
COLLECT_LTO_WRAPPER=/usr/lib/x86_64-linux-gnu/gcc/x86_64-linux-gnu/4.6.1/lto-wrapper
Target: x86_64-linux-gnu
Configured with: ../src/configure -v --with-pkgversion='Debian 4.6.1-1' --with-bugurl=file:///usr/share/doc/gcc-4.6/README.Bugs --enable-languages=c,c++,fortran,objc,obj-c++,go --prefix=/usr --program-suffix=-4.6 --enable-shared --enable-multiarch --with-multiarch-defaults=x86_64-linux-gnu --enable-linker-build-id --with-system-zlib --libexecdir=/usr/lib/x86_64-linux-gnu --without-included-gettext --enable-threads=posix --with-gxx-include-dir=/usr/include/c++/4.6 --libdir=/usr/lib/x86_64-linux-gnu --enable-nls --enable-clocale=gnu --enable-libstdcxx-debug --enable-libstdcxx-time=yes --enable-plugin --enable-objc-gc --with-arch-32=i586 --with-tune=generic --enable-checking=release --build=x86_64-linux-gnu --host=x86_64-linux-gnu --target=x86_64-linux-gnu
Thread model: posix
gcc version 4.6.1 (Debian 4.6.1-1) 
configure:3212: $? = 0
configure:3201: gcc -V >&5
gcc: error: unrecognized option '-V'
gcc: fatal error: no input files
compilation terminated.
configure:3212: $? = 1
configure:3201: gcc -qversion >&5
gcc: error: unrecognized option '-qversion'
gcc: fatal error: no input files
compilation terminated.
configure:3212: $? = 1
configure:3232: checking whether the C compiler works
configure:3254: gcc    conftest.c  >&5
configure:3258: $? = 0
configure:3306: result: yes
configure:3309: checking for C compiler default output file name
configure:3311: result: a.out
configure:3317: checking for suffix of executables
configure:3324: gcc -o conftest    conftest.c  >&5
configure:3328: $? = 0
configure:3350: result: 
configure:3372: checking whether we are cross compiling
configure:3380: gcc -o conftest    conftest.c  >&5
configure:3384: $? = 0
configure:3391: ./conftest
configure:3395: $? = 0
configure:3410: result: no
configure:3415: checking for suffix of object files
configure:3437: gcc -c   conftest.c >&5
configure:3441: $? = 0
configure:3462: result: o
configure:3466: checking whether we are using the GNU C compiler
configure:3485: gcc -c   conftest.c >&5
configure:3485: $? = 0
configure:3494: result: yes
configure:3503: checking whether gcc accepts -g
configure:3523: gcc -c -g  conftest.c >&5
configure:3523: $? = 0
configure:3564: result: yes
configure:3581: checking for gcc option to accept ISO C89
configure:3645: gcc  -c -g -O2  conftest.c >&5
configure:3645: $? = 0
configure:3658: result: none needed
configure:3688: checking for style of include used by make
configure:3716: result: GNU
configure:3744: checking dependency style of gcc
configure:3812: result: gcc3
configure:3830: checking whether ln -s works
configure:3834: result: yes
configure:3929: checking for ld used by GCC
configure:3992: result: /usr/bin/ld
configure:3999: checking if the linker (/usr/bin/ld) is GNU ld
GNU gold (GNU Binutils for Debian 2.21.52.20110606) 1.11
configure:4011: result: yes
configure:4016: checking for /usr/bin/ld option to reload object files
configure:4023: result: -r
configure:4028: checking for BSD-compatible nm
configure:4064: result: /usr/bin/nm -B
configure:4067: checking for a sed that does not truncate output
configure:4149: result: /bin/sed
configure:4152: checking how to recognise dependent libraries
configure:4333: result: file_magic ELF [0-9][0-9]*-bit [LM]SB (shared object|dynamic lib )
configure:4346: checking command to parse /usr/bin/nm -B output
configure:4430: gcc -c -g -O2  conftest.c >&5
configure:4433: $? = 0
configure:4437: /usr/bin/nm -B conftest.o \| sed -n -e 's/^.*[ 	]\([ABCDGISTW][ABCDGISTW]*\)[ 	][ 	]*\(\)\([_A-Za-z][_A-Za-z0-9]*\)$/\1 \2\3 \3/p' \> conftest.nm
configure:4440: $? = 0
configure:4492: gcc -o conftest -g -O2   conftest.c conftstm.o >&5
configure:4495: $? = 0
configure:4539: result: ok
configure:4548: checking how to run the C preprocessor
configure:4579: gcc -E  conftest.c
configure:4579: $? = 0
configure:4593: gcc -E  conftest.c
conftest.c:11:28: fatal error: ac_nonexistent.h: No such file or directory
compilation terminated.
configure:4593: $? = 1
configure: failed program was:
| /* confdefs.h */
| #define PACKAGE_NAME "libtextcat"
| #define PACKAGE_TARNAME "libtextcat"
| #define PACKAGE_VERSION "2.2"
| #define PACKAGE_STRING "libtextcat 2.2"
| #define PACKAGE_BUGREPORT ""
| #define PACKAGE_URL ""
| #define PACKAGE "libtextcat"
| #define VERSION "2.2"
| /* end confdefs.h.  */
| #include <ac_nonexistent.h>
configure:4618: result: gcc -E
configure:4638: gcc -E  conftest.c
configure:4638: $? = 0
configure:4652: gcc -E  conftest.c
conftest.c:11:28: fatal error: ac_nonexistent.h: No such file or directory
compilation terminated.
configure:4652: $? = 1
configure: failed program was:
| /* confdefs.h */
| #define PACKAGE_NAME "libtextcat"
| #define PACKAGE_TARNAME "libtextcat"
| #define PACKAGE_VERSION "2.2"
| #define PACKAGE_STRING "libtextcat 2.2"
| #define PACKAGE_BUGREPORT ""
| #define PACKAGE_URL ""
| #define PACKAGE "libtextcat"
| #define VERSION "2.2"
| /* end confdefs.h.  */
| #include <ac_nonexistent.h>
configure:4681: checking for grep that handles long lines and -e
configure:4739: result: /bin/grep
configure:4744: checking for egrep
configure:4806: result: /bin/grep -E
configure:4811: checking for ANSI C header files
configure:4831: gcc -c -g -O2  conftest.c >&5
configure:4831: $? = 0
configure:4904: gcc -o conftest -g -O2   conftest.c  >&5
configure:4904: $? = 0
configure:4904: ./conftest
configure:4904: $? = 0
configure:4915: result: yes
configure:4928: checking for sys/types.h
configure:4928: gcc -c -g -O2  conftest.c >&5
configure:4928: $? = 0
configure:4928: result: yes
configure:4928: checking for sys/stat.h
configure:4928: gcc -c -g -O2  conftest.c >&5
configure:4928: $? = 0
configure:4928: result: yes
configure:4928: checking for stdlib.h
configure:4928: gcc -c -g -O2  conftest.c >&5
configure:4928: $? = 0
configure:4928: result: yes
configure:4928: checking for string.h
configure:4928: gcc -c -g -O2  conftest.c >&5
configure:4928: $? = 0
configure:4928: result: yes
configure:4928: checking for memory.h
configure:4928: gcc -c -g -O2  conftest.c >&5
configure:4928: $? = 0
configure:4928: result: yes
configure:4928: checking for strings.h
configure:4928: gcc -c -g -O2  conftest.c >&5
configure:4928: $? = 0
configure:4928: result: yes
configure:4928: checking for inttypes.h
configure:4928: gcc -c -g -O2  conftest.c >&5
configure:4928: $? = 0
configure:4928: result: yes
configure:4928: checking for stdint.h
configure:4928: gcc -c -g -O2  conftest.c >&5
configure:4928: $? = 0
configure:4928: result: yes
configure:4928: checking for unistd.h
configure:4928: gcc -c -g -O2  conftest.c >&5
configure:4928: $? = 0
configure:4928: result: yes
configure:4942: checking dlfcn.h usability
configure:4942: gcc -c -g -O2  conftest.c >&5
configure:4942: $? = 0
configure:4942: result: yes
configure:4942: checking dlfcn.h presence
configure:4942: gcc -E  conftest.c
configure:4942: $? = 0
configure:4942: result: yes
configure:4942: checking for dlfcn.h
configure:4942: result: yes
configure:4961: checking for file
configure:5016: result: /usr/bin/file
configure:5139: checking for ranlib
configure:5155: found /usr/bin/ranlib
configure:5166: result: ranlib
configure:5231: checking for strip
configure:5247: found /usr/bin/strip
configure:5258: result: strip
configure:5459: checking for objdir
configure:5470: result: .libs
configure:5487: checking for gcc option to produce PIC
configure:5633: result: -fPIC
configure:5637: checking if gcc PIC flag -fPIC works
configure:5655: gcc -c -g -O2 -fPIC -DPIC  conftest.c >&5
configure:5655: $? = 0
configure:5689: result: yes
configure:5705: checking if gcc static flag -static works
configure:5724: gcc -o conftest -g -O2   -static conftest.c  >&5
configure:5724: $? = 0
configure:5736: result: yes
configure:5748: checking if gcc supports -c -o file.o
configure:5768: gcc -c -g -O2 -o out/conftest2.o  conftest.c >&5
configure:5792: result: yes
configure:5797: checking if gcc supports -c -o file.lo
configure:5819: gcc -c -g -O2 -c -o conftest.lo  conftest.c >&5
configure:5819: $? = 0
configure:5836: result: yes
configure:5867: checking if gcc supports -fno-rtti -fno-exceptions
configure:5884: gcc -c -g -O2 -fno-rtti -fno-exceptions -c conftest.c  conftest.c >&5
cc1: warning: command line option '-fno-rtti' is valid for C++/ObjC++ but not for C [enabled by default]
cc1: warning: command line option '-fno-rtti' is valid for C++/ObjC++ but not for C [enabled by default]
configure:5884: $? = 0
configure:5896: result: no
configure:5907: checking whether the linker (/usr/bin/ld) supports shared libraries
configure:6602: result: yes
configure:6607: checking how to hardcode library paths into programs
configure:6631: result: immediate
configure:6636: checking whether stripping libraries is possible
configure:6641: result: yes
configure:6652: checking dynamic linker characteristics
configure:7059: result: GNU/Linux ld.so
configure:7064: checking if libtool supports shared libraries
configure:7066: result: yes
configure:7069: checking whether to build shared libraries
configure:7090: result: yes
configure:7093: checking whether to build static libraries
configure:7097: result: yes
configure:7557: checking whether -lc should be explicitly linked in
configure:7565: gcc -c -g -O2  conftest.c >&5
configure:7568: $? = 0
configure:7582: gcc -shared conftest.o  -v -Wl,-soname -Wl,conftest -o conftest 2\>\&1 \| grep  -lc  \>/dev/null 2\>\&1
configure:7585: $? = 0
configure:7598: result: no
configure:8172: checking for size_t
configure:8172: gcc -c -g -O2  conftest.c >&5
configure:8172: $? = 0
configure:8172: gcc -c -g -O2  conftest.c >&5
conftest.c: In function 'main':
conftest.c:58:21: error: expected expression before ')' token
configure:8172: $? = 1
configure: failed program was:
| /* confdefs.h */
| #define PACKAGE_NAME "libtextcat"
| #define PACKAGE_TARNAME "libtextcat"
| #define PACKAGE_VERSION "2.2"
| #define PACKAGE_STRING "libtextcat 2.2"
| #define PACKAGE_BUGREPORT ""
| #define PACKAGE_URL ""
| #define PACKAGE "libtextcat"
| #define VERSION "2.2"
| #define STDC_HEADERS 1
| #define HAVE_SYS_TYPES_H 1
| #define HAVE_SYS_STAT_H 1
| #define HAVE_STDLIB_H 1
| #define HAVE_STRING_H 1
| #define HAVE_MEMORY_H 1
| #define HAVE_STRINGS_H 1
| #define HAVE_INTTYPES_H 1
| #define HAVE_STDINT_H 1
| #define HAVE_UNISTD_H 1
| #define HAVE_DLFCN_H 1
| /* end confdefs.h.  */
| #include <stdio.h>
| #ifdef HAVE_SYS_TYPES_H
| # include <sys/types.h>
| #endif
| #ifdef HAVE_SYS_STAT_H
| # include <sys/stat.h>
| #endif
| #ifdef STDC_HEADERS
| # include <stdlib.h>
| # include <stddef.h>
| #else
| # ifdef HAVE_STDLIB_H
| #  include <stdlib.h>
| # endif
| #endif
| #ifdef HAVE_STRING_H
| # if !defined STDC_HEADERS && defined HAVE_MEMORY_H
| #  include <memory.h>
| # endif
| # include <string.h>
| #endif
| #ifdef HAVE_STRINGS_H
| # include <strings.h>
| #endif
| #ifdef HAVE_INTTYPES_H
| # include <inttypes.h>
| #endif
| #ifdef HAVE_STDINT_H
| # include <stdint.h>
| #endif
| #ifdef HAVE_UNISTD_H
| # include <unistd.h>
| #endif
| int
| main ()
| {
| if (sizeof ((size_t)))
| 	    return 0;
|   ;
|   return 0;
| }
configure:8172: result: yes
configure:8185: checking for working alloca.h
configure:8202: gcc -o conftest -g -O2   conftest.c  >&5
configure:8202: $? = 0
configure:8210: result: yes
configure:8218: checking for alloca
configure:8255: gcc -o conftest -g -O2   conftest.c  >&5
configure:8255: $? = 0
configure:8263: result: yes
configure:8372: checking for ANSI C header files
configure:8476: result: yes
configure:8487: checking for inttypes.h
configure:8487: result: yes
configure:8487: checking limits.h usability
configure:8487: gcc -c -g -O2  conftest.c >&5
configure:8487: $? = 0
configure:8487: result: yes
configure:8487: checking limits.h presence
configure:8487: gcc -E  conftest.c
configure:8487: $? = 0
configure:8487: result: yes
configure:8487: checking for limits.h
configure:8487: result: yes
configure:8487: checking for stdlib.h
configure:8487: result: yes
configure:8487: checking for string.h
configure:8487: result: yes
configure:8487: checking sys/time.h usability
configure:8487: gcc -c -g -O2  conftest.c >&5
configure:8487: $? = 0
configure:8487: result: yes
configure:8487: checking sys/time.h presence
configure:8487: gcc -E  conftest.c
configure:8487: $? = 0
configure:8487: result: yes
configure:8487: checking for sys/time.h
configure:8487: result: yes
configure:8498: checking for an ANSI C-conforming const
configure:8563: gcc -c -g -O2  conftest.c >&5
configure:8563: $? = 0
configure:8570: result: yes
configure:8578: checking for inline
configure:8594: gcc -c -g -O2  conftest.c >&5
configure:8594: $? = 0
configure:8602: result: inline
configure:8620: checking for size_t
configure:8620: result: yes
configure:8631: checking whether time.h and sys/time.h may both be included
configure:8651: gcc -c -g -O2  conftest.c >&5
configure:8651: $? = 0
configure:8658: result: yes
configure:8666: checking whether struct tm is in sys/time.h or time.h
configure:8686: gcc -c -g -O2  conftest.c >&5
configure:8686: $? = 0
configure:8693: result: time.h
configure:8704: checking for stdlib.h
configure:8704: result: yes
configure:8714: checking for GNU libc compatible malloc
configure:8738: gcc -o conftest -g -O2   conftest.c  >&5
configure:8738: $? = 0
configure:8738: ./conftest
configure:8738: $? = 0
configure:8748: result: yes
configure:8771: checking for stdlib.h
configure:8771: result: yes
configure:8781: checking for GNU libc compatible realloc
configure:8805: gcc -o conftest -g -O2   conftest.c  >&5
configure:8805: $? = 0
configure:8805: ./conftest
configure:8805: $? = 0
configure:8815: result: yes
configure:8838: checking for vprintf
configure:8838: gcc -o conftest -g -O2   conftest.c  >&5
conftest.c:58:6: warning: conflicting types for built-in function 'vprintf' [enabled by default]
configure:8838: $? = 0
configure:8838: result: yes
configure:8844: checking for _doprnt
configure:8844: gcc -o conftest -g -O2   conftest.c  >&5
conftest.c:70: error: undefined reference to '_doprnt'
collect2: ld returned 1 exit status
configure:8844: $? = 1
configure: failed program was:
| /* confdefs.h */
| #define PACKAGE_NAME "libtextcat"
| #define PACKAGE_TARNAME "libtextcat"
| #define PACKAGE_VERSION "2.2"
| #define PACKAGE_STRING "libtextcat 2.2"
| #define PACKAGE_BUGREPORT ""
| #define PACKAGE_URL ""
| #define PACKAGE "libtextcat"
| #define VERSION "2.2"
| #define STDC_HEADERS 1
| #define HAVE_SYS_TYPES_H 1
| #define HAVE_SYS_STAT_H 1
| #define HAVE_STDLIB_H 1
| #define HAVE_STRING_H 1
| #define HAVE_MEMORY_H 1
| #define HAVE_STRINGS_H 1
| #define HAVE_INTTYPES_H 1
| #define HAVE_STDINT_H 1
| #define HAVE_UNISTD_H 1
| #define HAVE_DLFCN_H 1
| #define HAVE_ALLOCA_H 1
| #define HAVE_ALLOCA 1
| #define STDC_HEADERS 1
| #define HAVE_INTTYPES_H 1
| #define HAVE_LIMITS_H 1
| #define HAVE_STDLIB_H 1
| #define HAVE_STRING_H 1
| #define HAVE_SYS_TIME_H 1
| #define TIME_WITH_SYS_TIME 1
| #define HAVE_STDLIB_H 1
| #define HAVE_MALLOC 1
| #define HAVE_STDLIB_H 1
| #define HAVE_REALLOC 1
| #define HAVE_VPRINTF 1
| /* end confdefs.h.  */
| /* Define _doprnt to an innocuous variant, in case <limits.h> declares _doprnt.
|    For example, HP-UX 11i <limits.h> declares gettimeofday.  */
| #define _doprnt innocuous__doprnt
| 
| /* System header to define __stub macros and hopefully few prototypes,
|     which can conflict with char _doprnt (); below.
|     Prefer <limits.h> to <assert.h> if __STDC__ is defined, since
|     <limits.h> exists even on freestanding compilers.  */
| 
| #ifdef __STDC__
| # include <limits.h>
| #else
| # include <assert.h>
| #endif
| 
| #undef _doprnt
| 
| /* Override any GCC internal prototype to avoid an error.
|    Use char because int might match the return type of a GCC
|    builtin and then its argument prototype would still apply.  */
| #ifdef __cplusplus
| extern "C"
| #endif
| char _doprnt ();
| /* The GNU C library defines this for functions which it implements
|     to always fail with ENOSYS.  Some functions are actually named
|     something starting with __ and the normal name is an alias.  */
| #if defined __stub__doprnt || defined __stub____doprnt
| choke me
| #endif
| 
| int
| main ()
| {
| return _doprnt ();
|   ;
|   return 0;
| }
configure:8844: result: no
configure:8858: checking for gettimeofday
configure:8858: gcc -o conftest -g -O2   conftest.c  >&5
configure:8858: $? = 0
configure:8858: result: yes
configure:8858: checking for memset
configure:8858: gcc -o conftest -g -O2   conftest.c  >&5
conftest.c:60:6: warning: conflicting types for built-in function 'memset' [enabled by default]
configure:8858: $? = 0
configure:8858: result: yes
configure:8858: checking for strchr
configure:8858: gcc -o conftest -g -O2   conftest.c  >&5
conftest.c:61:6: warning: conflicting types for built-in function 'strchr' [enabled by default]
configure:8858: $? = 0
configure:8858: result: yes
configure:8858: checking for strdup
configure:8858: gcc -o conftest -g -O2   conftest.c  >&5
conftest.c:62:6: warning: conflicting types for built-in function 'strdup' [enabled by default]
configure:8858: $? = 0
configure:8858: result: yes
configure:8858: checking for strpbrk
configure:8858: gcc -o conftest -g -O2   conftest.c  >&5
conftest.c:63:6: warning: conflicting types for built-in function 'strpbrk' [enabled by default]
configure:8858: $? = 0
configure:8858: result: yes
configure:8993: creating ./config.status

## ---------------- ##
## Cache variables. ##
## ---------------- ##

ac_cv_build=x86_64-unknown-linux-gnu
ac_cv_c_compiler_gnu=yes
ac_cv_c_const=yes
ac_cv_c_inline=inline
ac_cv_env_CC_set=
ac_cv_env_CC_value=
ac_cv_env_CFLAGS_set=
ac_cv_env_CFLAGS_value=
ac_cv_env_CPPFLAGS_set=
ac_cv_env_CPPFLAGS_value=
ac_cv_env_CPP_set=
ac_cv_env_CPP_value=
ac_cv_env_LDFLAGS_set=
ac_cv_env_LDFLAGS_value=
ac_cv_env_LIBS_set=
ac_cv_env_LIBS_value=
ac_cv_env_build_alias_set=
ac_cv_env_build_alias_value=
ac_cv_env_host_alias_set=
ac_cv_env_host_alias_value=
ac_cv_env_target_alias_set=
ac_cv_env_target_alias_value=
ac_cv_func__doprnt=no
ac_cv_func_alloca_works=yes
ac_cv_func_gettimeofday=yes
ac_cv_func_malloc_0_nonnull=yes
ac_cv_func_memset=yes
ac_cv_func_realloc_0_nonnull=yes
ac_cv_func_strchr=yes
ac_cv_func_strdup=yes
ac_cv_func_strpbrk=yes
ac_cv_func_vprintf=yes
ac_cv_header_dlfcn_h=yes
ac_cv_header_inttypes_h=yes
ac_cv_header_limits_h=yes
ac_cv_header_memory_h=yes
ac_cv_header_stdc=yes
ac_cv_header_stdint_h=yes
ac_cv_header_stdlib_h=yes
ac_cv_header_string_h=yes
ac_cv_header_strings_h=yes
ac_cv_header_sys_stat_h=yes
ac_cv_header_sys_time_h=yes
ac_cv_header_sys_types_h=yes
ac_cv_header_time=yes
ac_cv_header_unistd_h=yes
ac_cv_host=x86_64-unknown-linux-gnu
ac_cv_objext=o
ac_cv_path_EGREP='/bin/grep -E'
ac_cv_path_GREP=/bin/grep
ac_cv_path_install='/usr/bin/install -c'
ac_cv_prog_AWK=gawk
ac_cv_prog_CPP='gcc -E'
ac_cv_prog_ac_ct_CC=gcc
ac_cv_prog_ac_ct_RANLIB=ranlib
ac_cv_prog_ac_ct_STRIP=strip
ac_cv_prog_cc_c89=
ac_cv_prog_cc_g=yes
ac_cv_prog_make_make_set=yes
ac_cv_struct_tm=time.h
ac_cv_target=x86_64-unknown-linux-gnu
ac_cv_type_size_t=yes
ac_cv_working_alloca_h=yes
am_cv_CC_dependencies_compiler_type=gcc3
lt_cv_archive_cmds_need_lc=no
lt_cv_compiler_c_o=yes
lt_cv_compiler_o_lo=yes
lt_cv_deplibs_check_method='file_magic ELF [0-9][0-9]*-bit [LM]SB (shared object|dynamic lib )'
lt_cv_file_magic_cmd='$MAGIC_CMD'
lt_cv_file_magic_test_file='/lib/libc.so* /lib/libc-*.so'
lt_cv_global_symbol_to_c_name_address='sed -n -e '\''s/^: \([^ ]*\) $/  {\"\1\", (lt_ptr) 0},/p'\'' -e '\''s/^[BCDEGRST] \([^ ]*\) \([^ ]*\)$/  {"\2", (lt_ptr) \&\2},/p'\'''
lt_cv_global_symbol_to_cdecl='sed -n -e '\''s/^. .* \(.*\)$/extern char \1;/p'\'''
lt_cv_ld_reload_flag=-r
lt_cv_path_LD=/usr/bin/ld
lt_cv_path_MAGIC_CMD=/usr/bin/file
lt_cv_path_NM='/usr/bin/nm -B'
lt_cv_path_SED=/bin/sed
lt_cv_prog_cc_can_build_shared=yes
lt_cv_prog_cc_no_builtin=
lt_cv_prog_cc_pic=' -fPIC'
lt_cv_prog_cc_pic_works=yes
lt_cv_prog_cc_shlib=
lt_cv_prog_cc_static=-static
lt_cv_prog_cc_static_works=yes
lt_cv_prog_cc_wl=-Wl,
lt_cv_prog_gnu_ld=yes
lt_cv_sys_global_symbol_pipe='sed -n -e '\''s/^.*[ 	]\([ABCDGISTW][ABCDGISTW]*\)[ 	][ 	]*\(\)\([_A-Za-z][_A-Za-z0-9]*\)$/\1 \2\3 \3/p'\'''

## ----------------- ##
## Output variables. ##
## ----------------- ##

ACLOCAL='aclocal-1.7'
ALLOCA=''
AMDEPBACKSLASH='\'
AMDEP_FALSE='#'
AMDEP_TRUE=''
AMTAR='tar'
AUTOCONF='autoconf'
AUTOHEADER='autoheader'
AUTOMAKE='automake-1.7'
AWK='gawk'
CC='gcc'
CCDEPMODE='depmode=gcc3'
CFLAGS='-g -O2'
CPP='gcc -E'
CPPFLAGS=''
CYGPATH_W='echo'
DEFS='-DHAVE_CONFIG_H'
DEPDIR='.deps'
ECHO='echo'
ECHO_C=''
ECHO_N='-n'
ECHO_T=''
EGREP='/bin/grep -E'
EXEEXT=''
GREP='/bin/grep'
INSTALL_DATA='${INSTALL} -m 644'
INSTALL_PROGRAM='${INSTALL}'
INSTALL_SCRIPT='${INSTALL}'
INSTALL_STRIP_PROGRAM='${SHELL} $(install_sh) -c -s'
LDFLAGS=''
LIBOBJS=''
LIBS=''
LIBTOOL='$(SHELL) $(top_builddir)/libtool'
LN_S='ln -s'
LTLIBOBJS=''
MAKEINFO='makeinfo'
OBJEXT='o'
PACKAGE='libtextcat'
PACKAGE_BUGREPORT=''
PACKAGE_NAME='libtextcat'
PACKAGE_STRING='libtextcat 2.2'
PACKAGE_TARNAME='libtextcat'
PACKAGE_URL=''
PACKAGE_VERSION='2.2'
PATH_SEPARATOR=':'
RANLIB='ranlib'
SET_MAKE=''
SHELL='/bin/sh'
STRIP='strip'
VERSION='2.2'
ac_ct_CC='gcc'
am__fastdepCC_FALSE='#'
am__fastdepCC_TRUE=''
am__include='include'
am__leading_dot='.'
am__quote=''
bindir='${exec_prefix}/bin'
build='x86_64-unknown-linux-gnu'
build_alias=''
build_cpu='x86_64'
build_os='linux-gnu'
build_vendor='unknown'
datadir='${datarootdir}'
datarootdir='${prefix}/share'
docdir='${datarootdir}/doc/${PACKAGE_TARNAME}'
dvidir='${docdir}'
exec_prefix='${prefix}'
host='x86_64-unknown-linux-gnu'
host_alias=''
host_cpu='x86_64'
host_os='linux-gnu'
host_vendor='unknown'
htmldir='${docdir}'
includedir='${prefix}/include'
infodir='${datarootdir}/info'
install_sh='/home/bernard/Code/repositories/libtextcat/install-sh'
libdir='${exec_prefix}/lib'
libexecdir='${exec_prefix}/libexec'
localedir='${datarootdir}/locale'
localstatedir='${prefix}/var'
mandir='${datarootdir}/man'
oldincludedir='/usr/include'
pdfdir='${docdir}'
prefix='/usr/local'
program_transform_name='s,x,x,'
psdir='${docdir}'
sbindir='${exec_prefix}/sbin'
sharedstatedir='${prefix}/com'
sysconfdir='${prefix}/etc'
target='x86_64-unknown-linux-gnu'
target_alias=''
target_cpu='x86_64'
target_os='linux-gnu'
target_vendor='unknown'

## ----------- ##
## confdefs.h. ##
## ----------- ##

/* confdefs.h */
#define PACKAGE_NAME "libtextcat"
#define PACKAGE_TARNAME "libtextcat"
#define PACKAGE_VERSION "2.2"
#define PACKAGE_STRING "libtextcat 2.2"
#define PACKAGE_BUGREPORT ""
#define PACKAGE_URL ""
#define PACKAGE "libtextcat"
#define VERSION "2.2"
#define STDC_HEADERS 1
#define HAVE_SYS_TYPES_H 1
#define HAVE_SYS_STAT_H 1
#define HAVE_STDLIB_H 1
#define HAVE_STRING_H 1
#define HAVE_MEMORY_H 1
#define HAVE_STRINGS_H 1
#define HAVE_INTTYPES_H 1
#define HAVE_STDINT_H 1
#define HAVE_UNISTD_H 1
#define HAVE_DLFCN_H 1
#define HAVE_ALLOCA_H 1
#define HAVE_ALLOCA 1
#define STDC_HEADERS 1
#define HAVE_INTTYPES_H 1
#define HAVE_LIMITS_H 1
#define HAVE_STDLIB_H 1
#define HAVE_STRING_H 1
#define HAVE_SYS_TIME_H 1
#define TIME_WITH_SYS_TIME 1
#define HAVE_STDLIB_H 1
#define HAVE_MALLOC 1
#define HAVE_STDLIB_H 1
#define HAVE_REALLOC 1
#define HAVE_VPRINTF 1
#define HAVE_GETTIMEOFDAY 1
#define HAVE_MEMSET 1
#define HAVE_STRCHR 1
#define HAVE_STRDUP 1
#define HAVE_STRPBRK 1

configure: exit 0

## ---------------------- ##
## Running config.status. ##
## ---------------------- ##

This file was extended by libtextcat config.status 2.2, which was
generated by GNU Autoconf 2.68.  Invocation command line was

  CONFIG_FILES    = 
  CONFIG_HEADERS  = 
  CONFIG_LINKS    = 
  CONFIG_COMMANDS = 
  $ ./config.status Makefile

on netbook

config.status:889: creating Makefile
config.status:992: WARNING:  'Makefile.in' seems to ignore the --datarootdir setting

## ---------------------- ##
## Running config.status. ##
## ---------------------- ##

This file was extended by libtextcat config.status 2.2, which was
generated by GNU Autoconf 2.68.  Invocation command line was

  CONFIG_FILES    = 
  CONFIG_HEADERS  = 
  CONFIG_LINKS    = 
  CONFIG_COMMANDS = 
  $ ./config.status src/Makefile depfiles

on netbook

config.status:889: creating src/Makefile
config.status:1111: executing depfiles commands

## ---------------------- ##
## Running config.status. ##
## ---------------------- ##

This file was extended by libtextcat config.status 2.2, which was
generated by GNU Autoconf 2.68.  Invocation command line was

  CONFIG_FILES    = 
  CONFIG_HEADERS  = 
  CONFIG_LINKS    = 
  CONFIG_COMMANDS = 
  $ ./config.status src/config.h

on netbook

config.status:: creating src/config.h
